<?xml version="1.0" encoding="UTF-8"?>
<!-- Generated by org.testng.reporters.JUnitXMLReporter -->
<testsuite hostname="DESKTOP-5I89EPI" ignored="0" name="Test" tests="1" failures="1" timestamp="03 十二月 2019 07:34:49 GMT" time="11.329" errors="0">
  <testcase name="testUntitledTestCase" time="4.757" classname="com.git33.NewTest">
    <failure type="org.openqa.selenium.WebDriverException" message="Failed to decode response from marionette
Build info: version: &amp;apos;3.5.1&amp;apos;, revision: &amp;apos;9c21bb67ef&amp;apos;, time: &amp;apos;2017-08-17T15:26:08.955Z&amp;apos;
System info: host: &amp;apos;DESKTOP-5I89EPI&amp;apos;, ip: &amp;apos;192.168.159.1&amp;apos;, os.name: &amp;apos;Windows 8.1&amp;apos;, os.arch: &amp;apos;amd64&amp;apos;, os.version: &amp;apos;6.3&amp;apos;, java.version: &amp;apos;1.8.0&amp;apos;
Driver info: org.openqa.selenium.firefox.FirefoxDriver
Capabilities [{moz:profile=C:\Users\wqh\AppData\Local\Temp\rust_mozprofile.gBBsmPqqFS6L, rotatable=false, moz:geckodriverVersion=0.24.0, timeouts={implicit=0.0, pageLoad=300000.0, script=30000.0}, pageLoadStrategy=normal, unhandledPromptBehavior=dismiss and notify, strictFileInteractability=false, moz:headless=false, platform=ANY, moz:accessibilityChecks=false, moz:useNonSpecCompliantPointerOrigin=false, acceptInsecureCerts=false, browserVersion=66.0.3, moz:shutdownTimeout=60000.0, platformVersion=10.0, moz:processID=7540.0, browserName=firefox, javascriptEnabled=true, platformName=windows, setWindowRect=true, moz:webdriverClick=true}]
Session ID: 992e1970-dca8-4598-8d63-8f4ffcdef15d
*** Element info: {Using=tag name, value=input}">
      <![CDATA[org.openqa.selenium.WebDriverException: Failed to decode response from marionette
Build info: version: '3.5.1', revision: '9c21bb67ef', time: '2017-08-17T15:26:08.955Z'
System info: host: 'DESKTOP-5I89EPI', ip: '192.168.159.1', os.name: 'Windows 8.1', os.arch: 'amd64', os.version: '6.3', java.version: '1.8.0'
Driver info: org.openqa.selenium.firefox.FirefoxDriver
Capabilities [{moz:profile=C:\Users\wqh\AppData\Local\Temp\rust_mozprofile.gBBsmPqqFS6L, rotatable=false, moz:geckodriverVersion=0.24.0, timeouts={implicit=0.0, pageLoad=300000.0, script=30000.0}, pageLoadStrategy=normal, unhandledPromptBehavior=dismiss and notify, strictFileInteractability=false, moz:headless=false, platform=ANY, moz:accessibilityChecks=false, moz:useNonSpecCompliantPointerOrigin=false, acceptInsecureCerts=false, browserVersion=66.0.3, moz:shutdownTimeout=60000.0, platformVersion=10.0, moz:processID=7540.0, browserName=firefox, javascriptEnabled=true, platformName=windows, setWindowRect=true, moz:webdriverClick=true}]
Session ID: 992e1970-dca8-4598-8d63-8f4ffcdef15d
*** Element info: {Using=tag name, value=input}
at org.openqa.selenium.remote.http.W3CHttpResponseCodec.createException(W3CHttpResponseCodec.java:185)
at org.openqa.selenium.remote.http.W3CHttpResponseCodec.decode(W3CHttpResponseCodec.java:120)
at org.openqa.selenium.remote.http.W3CHttpResponseCodec.decode(W3CHttpResponseCodec.java:49)
at org.openqa.selenium.remote.HttpCommandExecutor.execute(HttpCommandExecutor.java:164)
at org.openqa.selenium.remote.service.DriverCommandExecutor.execute(DriverCommandExecutor.java:82)
at org.openqa.selenium.remote.RemoteWebDriver.execute(RemoteWebDriver.java:641)
at org.openqa.selenium.remote.RemoteWebDriver.findElements(RemoteWebDriver.java:441)
at org.openqa.selenium.remote.RemoteWebDriver.findElementsByTagName(RemoteWebDriver.java:485)
at org.openqa.selenium.By$ByTagName.findElements(By.java:327)
at org.openqa.selenium.remote.RemoteWebDriver.findElements(RemoteWebDriver.java:402)
at com.git33.NewTest.testUntitledTestCase(NewTest.java:30)
... Removed 38 stack frames]]>
    </failure>
  </testcase> <!-- testUntitledTestCase -->
</testsuite> <!-- Test -->
