<?xml version="1.0" encoding="UTF-8"?>
<testng-results skipped="0" failed="1" ignored="0" total="1" passed="0">
  <reporter-output>
  </reporter-output>
  <suite name="Suite" duration-ms="11329" started-at="2019-12-03T07:34:38Z" finished-at="2019-12-03T07:34:49Z">
    <groups>
    </groups>
    <test name="Test" duration-ms="11329" started-at="2019-12-03T07:34:38Z" finished-at="2019-12-03T07:34:49Z">
      <class name="com.git33.NewTest">
        <test-method status="PASS" signature="setUp()[pri:0, instance:com.git33.NewTest@30b8a058]" name="setUp" is-config="true" duration-ms="6532" started-at="2019-12-03T07:34:38Z" finished-at="2019-12-03T07:34:44Z">
          <reporter-output>
          </reporter-output>
        </test-method> <!-- setUp -->
        <test-method status="FAIL" signature="testUntitledTestCase()[pri:0, instance:com.git33.NewTest@30b8a058]" name="testUntitledTestCase" duration-ms="4757" started-at="2019-12-03T07:34:44Z" finished-at="2019-12-03T07:34:49Z">
          <exception class="org.openqa.selenium.WebDriverException">
            <message>
              <![CDATA[Failed to decode response from marionette
Build info: version: '3.5.1', revision: '9c21bb67ef', time: '2017-08-17T15:26:08.955Z'
System info: host: 'DESKTOP-5I89EPI', ip: '192.168.159.1', os.name: 'Windows 8.1', os.arch: 'amd64', os.version: '6.3', java.version: '1.8.0'
Driver info: org.openqa.selenium.firefox.FirefoxDriver
Capabilities [{moz:profile=C:\Users\wqh\AppData\Local\Temp\rust_mozprofile.gBBsmPqqFS6L, rotatable=false, moz:geckodriverVersion=0.24.0, timeouts={implicit=0.0, pageLoad=300000.0, script=30000.0}, pageLoadStrategy=normal, unhandledPromptBehavior=dismiss and notify, strictFileInteractability=false, moz:headless=false, platform=ANY, moz:accessibilityChecks=false, moz:useNonSpecCompliantPointerOrigin=false, acceptInsecureCerts=false, browserVersion=66.0.3, moz:shutdownTimeout=60000.0, platformVersion=10.0, moz:processID=7540.0, browserName=firefox, javascriptEnabled=true, platformName=windows, setWindowRect=true, moz:webdriverClick=true}]
Session ID: 992e1970-dca8-4598-8d63-8f4ffcdef15d
*** Element info: {Using=tag name, value=input}]]>
            </message>
            <full-stacktrace>
              <![CDATA[org.openqa.selenium.WebDriverException: Failed to decode response from marionette
Build info: version: '3.5.1', revision: '9c21bb67ef', time: '2017-08-17T15:26:08.955Z'
System info: host: 'DESKTOP-5I89EPI', ip: '192.168.159.1', os.name: 'Windows 8.1', os.arch: 'amd64', os.version: '6.3', java.version: '1.8.0'
Driver info: org.openqa.selenium.firefox.FirefoxDriver
Capabilities [{moz:profile=C:\Users\wqh\AppData\Local\Temp\rust_mozprofile.gBBsmPqqFS6L, rotatable=false, moz:geckodriverVersion=0.24.0, timeouts={implicit=0.0, pageLoad=300000.0, script=30000.0}, pageLoadStrategy=normal, unhandledPromptBehavior=dismiss and notify, strictFileInteractability=false, moz:headless=false, platform=ANY, moz:accessibilityChecks=false, moz:useNonSpecCompliantPointerOrigin=false, acceptInsecureCerts=false, browserVersion=66.0.3, moz:shutdownTimeout=60000.0, platformVersion=10.0, moz:processID=7540.0, browserName=firefox, javascriptEnabled=true, platformName=windows, setWindowRect=true, moz:webdriverClick=true}]
Session ID: 992e1970-dca8-4598-8d63-8f4ffcdef15d
*** Element info: {Using=tag name, value=input}
at sun.reflect.NativeConstructorAccessorImpl.newInstance0(Native Method)
at sun.reflect.NativeConstructorAccessorImpl.newInstance(NativeConstructorAccessorImpl.java:62)
at sun.reflect.DelegatingConstructorAccessorImpl.newInstance(DelegatingConstructorAccessorImpl.java:45)
at java.lang.reflect.Constructor.newInstance(Constructor.java:408)
at org.openqa.selenium.remote.http.W3CHttpResponseCodec.createException(W3CHttpResponseCodec.java:185)
at org.openqa.selenium.remote.http.W3CHttpResponseCodec.decode(W3CHttpResponseCodec.java:120)
at org.openqa.selenium.remote.http.W3CHttpResponseCodec.decode(W3CHttpResponseCodec.java:49)
at org.openqa.selenium.remote.HttpCommandExecutor.execute(HttpCommandExecutor.java:164)
at org.openqa.selenium.remote.service.DriverCommandExecutor.execute(DriverCommandExecutor.java:82)
at org.openqa.selenium.remote.RemoteWebDriver.execute(RemoteWebDriver.java:641)
at org.openqa.selenium.remote.RemoteWebDriver.findElements(RemoteWebDriver.java:441)
at org.openqa.selenium.remote.RemoteWebDriver.findElementsByTagName(RemoteWebDriver.java:485)
at org.openqa.selenium.By$ByTagName.findElements(By.java:327)
at org.openqa.selenium.remote.RemoteWebDriver.findElements(RemoteWebDriver.java:402)
at com.git33.NewTest.testUntitledTestCase(NewTest.java:30)
at sun.reflect.NativeMethodAccessorImpl.invoke0(Native Method)
at sun.reflect.NativeMethodAccessorImpl.invoke(NativeMethodAccessorImpl.java:62)
at sun.reflect.DelegatingMethodAccessorImpl.invoke(DelegatingMethodAccessorImpl.java:43)
at java.lang.reflect.Method.invoke(Method.java:483)
at org.testng.internal.MethodInvocationHelper.invokeMethod(MethodInvocationHelper.java:124)
at org.testng.internal.Invoker.invokeMethod(Invoker.java:583)
at org.testng.internal.Invoker.invokeTestMethod(Invoker.java:719)
at org.testng.internal.Invoker.invokeTestMethods(Invoker.java:989)
at org.testng.internal.TestMethodWorker.invokeTestMethods(TestMethodWorker.java:125)
at org.testng.internal.TestMethodWorker.run(TestMethodWorker.java:109)
at org.testng.TestRunner.privateRun(TestRunner.java:648)
at org.testng.TestRunner.run(TestRunner.java:505)
at org.testng.SuiteRunner.runTest(SuiteRunner.java:455)
at org.testng.SuiteRunner.runSequentially(SuiteRunner.java:450)
at org.testng.SuiteRunner.privateRun(SuiteRunner.java:415)
at org.testng.SuiteRunner.run(SuiteRunner.java:364)
at org.testng.SuiteRunnerWorker.runSuite(SuiteRunnerWorker.java:52)
at org.testng.SuiteRunnerWorker.run(SuiteRunnerWorker.java:84)
at org.testng.TestNG.runSuitesSequentially(TestNG.java:1208)
at org.testng.TestNG.runSuitesLocally(TestNG.java:1137)
at org.testng.TestNG.runSuites(TestNG.java:1049)
at org.testng.TestNG.run(TestNG.java:1017)
at org.apache.maven.surefire.testng.TestNGExecutor.run(TestNGExecutor.java:178)
at org.apache.maven.surefire.testng.TestNGXmlTestSuite.execute(TestNGXmlTestSuite.java:92)
at org.apache.maven.surefire.testng.TestNGProvider.invoke(TestNGProvider.java:96)
at sun.reflect.NativeMethodAccessorImpl.invoke0(Native Method)
at sun.reflect.NativeMethodAccessorImpl.invoke(NativeMethodAccessorImpl.java:62)
at sun.reflect.DelegatingMethodAccessorImpl.invoke(DelegatingMethodAccessorImpl.java:43)
at java.lang.reflect.Method.invoke(Method.java:483)
at org.apache.maven.surefire.util.ReflectionUtils.invokeMethodWithArray(ReflectionUtils.java:189)
at org.apache.maven.surefire.booter.ProviderFactory$ProviderProxy.invoke(ProviderFactory.java:165)
at org.apache.maven.surefire.booter.ProviderFactory.invokeProvider(ProviderFactory.java:85)
at org.apache.maven.surefire.booter.ForkedBooter.runSuitesInProcess(ForkedBooter.java:115)
at org.apache.maven.surefire.booter.ForkedBooter.main(ForkedBooter.java:75)
]]>
            </full-stacktrace>
          </exception> <!-- org.openqa.selenium.WebDriverException -->
          <reporter-output>
          </reporter-output>
        </test-method> <!-- testUntitledTestCase -->
      </class> <!-- com.git33.NewTest -->
    </test> <!-- Test -->
  </suite> <!-- Suite -->
</testng-results>
