<?xml version="1.0" encoding="UTF-8"?>
<testng-results skipped="0" failed="0" ignored="0" total="1" passed="1">
  <reporter-output>
  </reporter-output>
  <suite name="Suite" duration-ms="11168" started-at="2019-12-03T07:34:03Z" finished-at="2019-12-03T07:34:14Z">
    <groups>
    </groups>
    <test name="Test" duration-ms="11168" started-at="2019-12-03T07:34:03Z" finished-at="2019-12-03T07:34:14Z">
      <class name="com.git33.NewTest">
        <test-method status="PASS" signature="setUp()[pri:0, instance:com.git33.NewTest@262b2c86]" name="setUp" is-config="true" duration-ms="5747" started-at="2019-12-03T07:34:03Z" finished-at="2019-12-03T07:34:09Z">
          <reporter-output>
          </reporter-output>
        </test-method> <!-- setUp -->
        <test-method status="PASS" signature="testUntitledTestCase()[pri:0, instance:com.git33.NewTest@262b2c86]" name="testUntitledTestCase" duration-ms="5386" started-at="2019-12-03T07:34:09Z" finished-at="2019-12-03T07:34:14Z">
          <reporter-output>
          </reporter-output>
        </test-method> <!-- testUntitledTestCase -->
      </class> <!-- com.git33.NewTest -->
    </test> <!-- Test -->
  </suite> <!-- Suite -->
</testng-results>
